<?xml version="1.0" encoding="UTF-8"?>
<robot generator="Robot 6.1.1 (Python 3.10.12 on linux)" generated="20231120 03:31:35.229" rpa="false" schemaversion="4">
<suite id="s1" name="Tests" source="/home/isokisan/Ohtu/palautusrepositorio/viikko3/web-login/src/tests">
<suite id="s1-s1" name="Home" source="/home/isokisan/Ohtu/palautusrepositorio/viikko3/web-login/src/tests/home.robot">
<kw name="Open And Configure Browser" library="resource" type="SETUP">
<kw name="Evaluate" library="BuiltIn">
<var>${options}</var>
<arg>sys.modules['selenium.webdriver'].ChromeOptions()</arg>
<arg>sys</arg>
<doc>Evaluates the given expression in Python and returns the result.</doc>
<msg timestamp="20231120 03:31:35.333" level="INFO">${options} = &lt;selenium.webdriver.chrome.options.Options object at 0x7f9007175a80&gt;</msg>
<status status="PASS" starttime="20231120 03:31:35.333" endtime="20231120 03:31:35.333"/>
</kw>
<kw name="Call Method" library="BuiltIn">
<arg>${options}</arg>
<arg>add_argument</arg>
<arg>--no-sandbox</arg>
<doc>Calls the named method of the given object with the provided arguments.</doc>
<status status="PASS" starttime="20231120 03:31:35.334" endtime="20231120 03:31:35.334"/>
</kw>
<kw name="Call Method" library="BuiltIn">
<arg>${options}</arg>
<arg>add_argument</arg>
<arg>--headless</arg>
<doc>Calls the named method of the given object with the provided arguments.</doc>
<status status="PASS" starttime="20231120 03:31:35.334" endtime="20231120 03:31:35.334"/>
</kw>
<kw name="Open Browser" library="SeleniumLibrary">
<arg>browser=chrome</arg>
<arg>options=${options}</arg>
<doc>Opens a new browser instance to the optional ``url``.</doc>
<msg timestamp="20231120 03:31:35.334" level="INFO">Opening browser 'chrome' to base url 'None'.</msg>
<status status="PASS" starttime="20231120 03:31:35.334" endtime="20231120 03:31:36.005"/>
</kw>
<kw name="Set Selenium Speed" library="SeleniumLibrary">
<arg>${DELAY}</arg>
<doc>Sets the delay that is waited after each Selenium command.</doc>
<status status="PASS" starttime="20231120 03:31:36.005" endtime="20231120 03:31:36.006"/>
</kw>
<status status="PASS" starttime="20231120 03:31:35.333" endtime="20231120 03:31:36.006"/>
</kw>
<test id="s1-s1-t1" name="Click Login Link" line="8">
<kw name="Go To Starting Page" type="SETUP">
<kw name="Go To Start Page" library="resource">
<kw name="Go To" library="SeleniumLibrary">
<arg>${HOME_URL}</arg>
<doc>Navigates the current browser window to the provided ``url``.</doc>
<msg timestamp="20231120 03:31:36.007" level="INFO">Opening url 'http://localhost:5001'</msg>
<status status="PASS" starttime="20231120 03:31:36.006" endtime="20231120 03:31:36.031"/>
</kw>
<status status="PASS" starttime="20231120 03:31:36.006" endtime="20231120 03:31:36.031"/>
</kw>
<status status="PASS" starttime="20231120 03:31:36.006" endtime="20231120 03:31:36.031"/>
</kw>
<kw name="Click Link" library="SeleniumLibrary">
<arg>Login</arg>
<doc>Clicks a link identified by ``locator``.</doc>
<msg timestamp="20231120 03:31:36.032" level="INFO">Clicking link 'Login'.</msg>
<status status="PASS" starttime="20231120 03:31:36.031" endtime="20231120 03:31:36.073"/>
</kw>
<kw name="Login Page Should Be Open" library="resource">
<kw name="Title Should Be" library="SeleniumLibrary">
<arg>Login</arg>
<doc>Verifies that the current page title equals ``title``.</doc>
<msg timestamp="20231120 03:31:36.076" level="INFO">Page title is 'Login'.</msg>
<status status="PASS" starttime="20231120 03:31:36.073" endtime="20231120 03:31:36.076"/>
</kw>
<status status="PASS" starttime="20231120 03:31:36.073" endtime="20231120 03:31:36.076"/>
</kw>
<status status="PASS" starttime="20231120 03:31:36.006" endtime="20231120 03:31:36.076"/>
</test>
<test id="s1-s1-t2" name="Click Register Link" line="12">
<kw name="Go To Starting Page" type="SETUP">
<kw name="Go To Start Page" library="resource">
<kw name="Go To" library="SeleniumLibrary">
<arg>${HOME_URL}</arg>
<doc>Navigates the current browser window to the provided ``url``.</doc>
<msg timestamp="20231120 03:31:36.077" level="INFO">Opening url 'http://localhost:5001'</msg>
<status status="PASS" starttime="20231120 03:31:36.077" endtime="20231120 03:31:36.084"/>
</kw>
<status status="PASS" starttime="20231120 03:31:36.077" endtime="20231120 03:31:36.084"/>
</kw>
<status status="PASS" starttime="20231120 03:31:36.077" endtime="20231120 03:31:36.084"/>
</kw>
<kw name="Click Link" library="SeleniumLibrary">
<arg>Register new user</arg>
<doc>Clicks a link identified by ``locator``.</doc>
<msg timestamp="20231120 03:31:36.085" level="INFO">Clicking link 'Register new user'.</msg>
<status status="PASS" starttime="20231120 03:31:36.085" endtime="20231120 03:31:36.118"/>
</kw>
<kw name="Register Page Should Be Open" library="resource">
<kw name="Title Should Be" library="SeleniumLibrary">
<arg>Register</arg>
<doc>Verifies that the current page title equals ``title``.</doc>
<msg timestamp="20231120 03:31:36.121" level="INFO">Page title is 'Register'.</msg>
<status status="PASS" starttime="20231120 03:31:36.119" endtime="20231120 03:31:36.121"/>
</kw>
<status status="PASS" starttime="20231120 03:31:36.119" endtime="20231120 03:31:36.121"/>
</kw>
<status status="PASS" starttime="20231120 03:31:36.077" endtime="20231120 03:31:36.121"/>
</test>
<kw name="Close Browser" library="SeleniumLibrary" type="TEARDOWN">
<doc>Closes the current browser.</doc>
<status status="PASS" starttime="20231120 03:31:36.122" endtime="20231120 03:31:36.180"/>
</kw>
<status status="PASS" starttime="20231120 03:31:35.240" endtime="20231120 03:31:36.180"/>
</suite>
<suite id="s1-s2" name="Login" source="/home/isokisan/Ohtu/palautusrepositorio/viikko3/web-login/src/tests/login.robot">
<kw name="Open And Configure Browser" library="resource" type="SETUP">
<kw name="Evaluate" library="BuiltIn">
<var>${options}</var>
<arg>sys.modules['selenium.webdriver'].ChromeOptions()</arg>
<arg>sys</arg>
<doc>Evaluates the given expression in Python and returns the result.</doc>
<msg timestamp="20231120 03:31:36.189" level="INFO">${options} = &lt;selenium.webdriver.chrome.options.Options object at 0x7f9007177070&gt;</msg>
<status status="PASS" starttime="20231120 03:31:36.189" endtime="20231120 03:31:36.189"/>
</kw>
<kw name="Call Method" library="BuiltIn">
<arg>${options}</arg>
<arg>add_argument</arg>
<arg>--no-sandbox</arg>
<doc>Calls the named method of the given object with the provided arguments.</doc>
<status status="PASS" starttime="20231120 03:31:36.189" endtime="20231120 03:31:36.190"/>
</kw>
<kw name="Call Method" library="BuiltIn">
<arg>${options}</arg>
<arg>add_argument</arg>
<arg>--headless</arg>
<doc>Calls the named method of the given object with the provided arguments.</doc>
<status status="PASS" starttime="20231120 03:31:36.190" endtime="20231120 03:31:36.190"/>
</kw>
<kw name="Open Browser" library="SeleniumLibrary">
<arg>browser=chrome</arg>
<arg>options=${options}</arg>
<doc>Opens a new browser instance to the optional ``url``.</doc>
<msg timestamp="20231120 03:31:36.191" level="INFO">Opening browser 'chrome' to base url 'None'.</msg>
<status status="PASS" starttime="20231120 03:31:36.190" endtime="20231120 03:31:36.881"/>
</kw>
<kw name="Set Selenium Speed" library="SeleniumLibrary">
<arg>${DELAY}</arg>
<doc>Sets the delay that is waited after each Selenium command.</doc>
<status status="PASS" starttime="20231120 03:31:36.881" endtime="20231120 03:31:36.881"/>
</kw>
<status status="PASS" starttime="20231120 03:31:36.188" endtime="20231120 03:31:36.881"/>
</kw>
<test id="s1-s2-t1" name="Login With Correct Credentials" line="8">
<kw name="Create User And Go To Login Page" type="SETUP">
<kw name="Create User" library="AppLibrary">
<arg>kalle</arg>
<arg>kalle123</arg>
<status status="PASS" starttime="20231120 03:31:36.882" endtime="20231120 03:31:36.888"/>
</kw>
<kw name="Go To Login Page" library="resource">
<kw name="Go To" library="SeleniumLibrary">
<arg>${LOGIN_URL}</arg>
<doc>Navigates the current browser window to the provided ``url``.</doc>
<msg timestamp="20231120 03:31:36.888" level="INFO">Opening url 'http://localhost:5001/login'</msg>
<status status="PASS" starttime="20231120 03:31:36.888" endtime="20231120 03:31:36.917"/>
</kw>
<status status="PASS" starttime="20231120 03:31:36.888" endtime="20231120 03:31:36.917"/>
</kw>
<kw name="Login Page Should Be Open" library="resource">
<kw name="Title Should Be" library="SeleniumLibrary">
<arg>Login</arg>
<doc>Verifies that the current page title equals ``title``.</doc>
<msg timestamp="20231120 03:31:36.920" level="INFO">Page title is 'Login'.</msg>
<status status="PASS" starttime="20231120 03:31:36.917" endtime="20231120 03:31:36.920"/>
</kw>
<status status="PASS" starttime="20231120 03:31:36.917" endtime="20231120 03:31:36.920"/>
</kw>
<status status="PASS" starttime="20231120 03:31:36.882" endtime="20231120 03:31:36.920"/>
</kw>
<kw name="Set Username">
<arg>kalle</arg>
<kw name="Input Text" library="SeleniumLibrary">
<arg>username</arg>
<arg>${username}</arg>
<doc>Types the given ``text`` into the text field identified by ``locator``.</doc>
<msg timestamp="20231120 03:31:36.921" level="INFO">Typing text 'kalle' into text field 'username'.</msg>
<status status="PASS" starttime="20231120 03:31:36.920" endtime="20231120 03:31:36.973"/>
</kw>
<status status="PASS" starttime="20231120 03:31:36.920" endtime="20231120 03:31:36.974"/>
</kw>
<kw name="Set Password">
<arg>kalle123</arg>
<kw name="Input Password" library="SeleniumLibrary">
<arg>password</arg>
<arg>${password}</arg>
<doc>Types the given password into the text field identified by ``locator``.</doc>
<msg timestamp="20231120 03:31:36.974" level="INFO">Typing password into text field 'password'.</msg>
<msg timestamp="20231120 03:31:36.993" level="INFO">Temporally setting log level to: NONE</msg>
<msg timestamp="20231120 03:31:37.014" level="INFO">Log level changed from NONE to INFO.</msg>
<status status="PASS" starttime="20231120 03:31:36.974" endtime="20231120 03:31:37.014"/>
</kw>
<status status="PASS" starttime="20231120 03:31:36.974" endtime="20231120 03:31:37.014"/>
</kw>
<kw name="Submit Credentials">
<kw name="Click Button" library="SeleniumLibrary">
<arg>Login</arg>
<doc>Clicks the button identified by ``locator``.</doc>
<msg timestamp="20231120 03:31:37.015" level="INFO">Clicking button 'Login'.</msg>
<status status="PASS" starttime="20231120 03:31:37.015" endtime="20231120 03:31:37.055"/>
</kw>
<status status="PASS" starttime="20231120 03:31:37.014" endtime="20231120 03:31:37.055"/>
</kw>
<kw name="Login Should Succeed">
<kw name="Main Page Should Be Open" library="resource">
<kw name="Title Should Be" library="SeleniumLibrary">
<arg>Ohtu Application main page</arg>
<doc>Verifies that the current page title equals ``title``.</doc>
<msg timestamp="20231120 03:31:37.057" level="INFO">Page title is 'Ohtu Application main page'.</msg>
<status status="PASS" starttime="20231120 03:31:37.055" endtime="20231120 03:31:37.058"/>
</kw>
<status status="PASS" starttime="20231120 03:31:37.055" endtime="20231120 03:31:37.058"/>
</kw>
<status status="PASS" starttime="20231120 03:31:37.055" endtime="20231120 03:31:37.058"/>
</kw>
<status status="PASS" starttime="20231120 03:31:36.882" endtime="20231120 03:31:37.058"/>
</test>
<test id="s1-s2-t2" name="Login With Incorrect Password" line="14">
<kw name="Create User And Go To Login Page" type="SETUP">
<kw name="Create User" library="AppLibrary">
<arg>kalle</arg>
<arg>kalle123</arg>
<status status="PASS" starttime="20231120 03:31:37.059" endtime="20231120 03:31:37.064"/>
</kw>
<kw name="Go To Login Page" library="resource">
<kw name="Go To" library="SeleniumLibrary">
<arg>${LOGIN_URL}</arg>
<doc>Navigates the current browser window to the provided ``url``.</doc>
<msg timestamp="20231120 03:31:37.065" level="INFO">Opening url 'http://localhost:5001/login'</msg>
<status status="PASS" starttime="20231120 03:31:37.065" endtime="20231120 03:31:37.073"/>
</kw>
<status status="PASS" starttime="20231120 03:31:37.064" endtime="20231120 03:31:37.073"/>
</kw>
<kw name="Login Page Should Be Open" library="resource">
<kw name="Title Should Be" library="SeleniumLibrary">
<arg>Login</arg>
<doc>Verifies that the current page title equals ``title``.</doc>
<msg timestamp="20231120 03:31:37.075" level="INFO">Page title is 'Login'.</msg>
<status status="PASS" starttime="20231120 03:31:37.073" endtime="20231120 03:31:37.075"/>
</kw>
<status status="PASS" starttime="20231120 03:31:37.073" endtime="20231120 03:31:37.075"/>
</kw>
<status status="PASS" starttime="20231120 03:31:37.058" endtime="20231120 03:31:37.075"/>
</kw>
<kw name="Set Username">
<arg>kalle</arg>
<kw name="Input Text" library="SeleniumLibrary">
<arg>username</arg>
<arg>${username}</arg>
<doc>Types the given ``text`` into the text field identified by ``locator``.</doc>
<msg timestamp="20231120 03:31:37.076" level="INFO">Typing text 'kalle' into text field 'username'.</msg>
<status status="PASS" starttime="20231120 03:31:37.075" endtime="20231120 03:31:37.112"/>
</kw>
<status status="PASS" starttime="20231120 03:31:37.075" endtime="20231120 03:31:37.112"/>
</kw>
<kw name="Set Password">
<arg>kalle456</arg>
<kw name="Input Password" library="SeleniumLibrary">
<arg>password</arg>
<arg>${password}</arg>
<doc>Types the given password into the text field identified by ``locator``.</doc>
<msg timestamp="20231120 03:31:37.112" level="INFO">Typing password into text field 'password'.</msg>
<msg timestamp="20231120 03:31:37.129" level="INFO">Temporally setting log level to: NONE</msg>
<msg timestamp="20231120 03:31:37.148" level="INFO">Log level changed from NONE to INFO.</msg>
<status status="PASS" starttime="20231120 03:31:37.112" endtime="20231120 03:31:37.148"/>
</kw>
<status status="PASS" starttime="20231120 03:31:37.112" endtime="20231120 03:31:37.148"/>
</kw>
<kw name="Submit Credentials">
<kw name="Click Button" library="SeleniumLibrary">
<arg>Login</arg>
<doc>Clicks the button identified by ``locator``.</doc>
<msg timestamp="20231120 03:31:37.149" level="INFO">Clicking button 'Login'.</msg>
<status status="PASS" starttime="20231120 03:31:37.148" endtime="20231120 03:31:37.180"/>
</kw>
<status status="PASS" starttime="20231120 03:31:37.148" endtime="20231120 03:31:37.180"/>
</kw>
<kw name="Login Should Fail With Message">
<arg>Invalid username or password</arg>
<kw name="Login Page Should Be Open" library="resource">
<kw name="Title Should Be" library="SeleniumLibrary">
<arg>Login</arg>
<doc>Verifies that the current page title equals ``title``.</doc>
<msg timestamp="20231120 03:31:37.182" level="INFO">Page title is 'Login'.</msg>
<status status="PASS" starttime="20231120 03:31:37.181" endtime="20231120 03:31:37.183"/>
</kw>
<status status="PASS" starttime="20231120 03:31:37.180" endtime="20231120 03:31:37.183"/>
</kw>
<kw name="Page Should Contain" library="SeleniumLibrary">
<arg>${message}</arg>
<doc>Verifies that current page contains ``text``.</doc>
<msg timestamp="20231120 03:31:37.192" level="INFO">Current page contains text 'Invalid username or password'.</msg>
<status status="PASS" starttime="20231120 03:31:37.183" endtime="20231120 03:31:37.192"/>
</kw>
<status status="PASS" starttime="20231120 03:31:37.180" endtime="20231120 03:31:37.192"/>
</kw>
<status status="PASS" starttime="20231120 03:31:37.058" endtime="20231120 03:31:37.193"/>
</test>
<test id="s1-s2-t3" name="Login With Nonexistent Username" line="20">
<kw name="Create User And Go To Login Page" type="SETUP">
<kw name="Create User" library="AppLibrary">
<arg>kalle</arg>
<arg>kalle123</arg>
<status status="PASS" starttime="20231120 03:31:37.193" endtime="20231120 03:31:37.198"/>
</kw>
<kw name="Go To Login Page" library="resource">
<kw name="Go To" library="SeleniumLibrary">
<arg>${LOGIN_URL}</arg>
<doc>Navigates the current browser window to the provided ``url``.</doc>
<msg timestamp="20231120 03:31:37.199" level="INFO">Opening url 'http://localhost:5001/login'</msg>
<status status="PASS" starttime="20231120 03:31:37.199" endtime="20231120 03:31:37.206"/>
</kw>
<status status="PASS" starttime="20231120 03:31:37.198" endtime="20231120 03:31:37.206"/>
</kw>
<kw name="Login Page Should Be Open" library="resource">
<kw name="Title Should Be" library="SeleniumLibrary">
<arg>Login</arg>
<doc>Verifies that the current page title equals ``title``.</doc>
<msg timestamp="20231120 03:31:37.209" level="INFO">Page title is 'Login'.</msg>
<status status="PASS" starttime="20231120 03:31:37.207" endtime="20231120 03:31:37.209"/>
</kw>
<status status="PASS" starttime="20231120 03:31:37.206" endtime="20231120 03:31:37.209"/>
</kw>
<status status="PASS" starttime="20231120 03:31:37.193" endtime="20231120 03:31:37.209"/>
</kw>
<kw name="Set Username">
<arg>nalle</arg>
<kw name="Input Text" library="SeleniumLibrary">
<arg>username</arg>
<arg>${username}</arg>
<doc>Types the given ``text`` into the text field identified by ``locator``.</doc>
<msg timestamp="20231120 03:31:37.210" level="INFO">Typing text 'nalle' into text field 'username'.</msg>
<status status="PASS" starttime="20231120 03:31:37.209" endtime="20231120 03:31:37.263"/>
</kw>
<status status="PASS" starttime="20231120 03:31:37.209" endtime="20231120 03:31:37.263"/>
</kw>
<kw name="Set Password">
<arg>kalle456</arg>
<kw name="Input Password" library="SeleniumLibrary">
<arg>password</arg>
<arg>${password}</arg>
<doc>Types the given password into the text field identified by ``locator``.</doc>
<msg timestamp="20231120 03:31:37.264" level="INFO">Typing password into text field 'password'.</msg>
<msg timestamp="20231120 03:31:37.280" level="INFO">Temporally setting log level to: NONE</msg>
<msg timestamp="20231120 03:31:37.299" level="INFO">Log level changed from NONE to INFO.</msg>
<status status="PASS" starttime="20231120 03:31:37.263" endtime="20231120 03:31:37.299"/>
</kw>
<status status="PASS" starttime="20231120 03:31:37.263" endtime="20231120 03:31:37.299"/>
</kw>
<kw name="Submit Credentials">
<kw name="Click Button" library="SeleniumLibrary">
<arg>Login</arg>
<doc>Clicks the button identified by ``locator``.</doc>
<msg timestamp="20231120 03:31:37.300" level="INFO">Clicking button 'Login'.</msg>
<status status="PASS" starttime="20231120 03:31:37.300" endtime="20231120 03:31:37.332"/>
</kw>
<status status="PASS" starttime="20231120 03:31:37.299" endtime="20231120 03:31:37.332"/>
</kw>
<kw name="Login Should Fail With Message">
<arg>Invalid username or password</arg>
<kw name="Login Page Should Be Open" library="resource">
<kw name="Title Should Be" library="SeleniumLibrary">
<arg>Login</arg>
<doc>Verifies that the current page title equals ``title``.</doc>
<msg timestamp="20231120 03:31:37.334" level="INFO">Page title is 'Login'.</msg>
<status status="PASS" starttime="20231120 03:31:37.332" endtime="20231120 03:31:37.335"/>
</kw>
<status status="PASS" starttime="20231120 03:31:37.332" endtime="20231120 03:31:37.335"/>
</kw>
<kw name="Page Should Contain" library="SeleniumLibrary">
<arg>${message}</arg>
<doc>Verifies that current page contains ``text``.</doc>
<msg timestamp="20231120 03:31:37.340" level="INFO">Current page contains text 'Invalid username or password'.</msg>
<status status="PASS" starttime="20231120 03:31:37.335" endtime="20231120 03:31:37.340"/>
</kw>
<status status="PASS" starttime="20231120 03:31:37.332" endtime="20231120 03:31:37.340"/>
</kw>
<status status="PASS" starttime="20231120 03:31:37.193" endtime="20231120 03:31:37.341"/>
</test>
<kw name="Close Browser" library="SeleniumLibrary" type="TEARDOWN">
<doc>Closes the current browser.</doc>
<status status="PASS" starttime="20231120 03:31:37.341" endtime="20231120 03:31:37.401"/>
</kw>
<status status="PASS" starttime="20231120 03:31:36.182" endtime="20231120 03:31:37.401"/>
</suite>
<suite id="s1-s3" name="Register" source="/home/isokisan/Ohtu/palautusrepositorio/viikko3/web-login/src/tests/register.robot">
<kw name="Open And Configure Browser" library="resource" type="SETUP">
<kw name="Evaluate" library="BuiltIn">
<var>${options}</var>
<arg>sys.modules['selenium.webdriver'].ChromeOptions()</arg>
<arg>sys</arg>
<doc>Evaluates the given expression in Python and returns the result.</doc>
<msg timestamp="20231120 03:31:37.410" level="INFO">${options} = &lt;selenium.webdriver.chrome.options.Options object at 0x7f9006ee06a0&gt;</msg>
<status status="PASS" starttime="20231120 03:31:37.409" endtime="20231120 03:31:37.410"/>
</kw>
<kw name="Call Method" library="BuiltIn">
<arg>${options}</arg>
<arg>add_argument</arg>
<arg>--no-sandbox</arg>
<doc>Calls the named method of the given object with the provided arguments.</doc>
<status status="PASS" starttime="20231120 03:31:37.410" endtime="20231120 03:31:37.410"/>
</kw>
<kw name="Call Method" library="BuiltIn">
<arg>${options}</arg>
<arg>add_argument</arg>
<arg>--headless</arg>
<doc>Calls the named method of the given object with the provided arguments.</doc>
<status status="PASS" starttime="20231120 03:31:37.410" endtime="20231120 03:31:37.411"/>
</kw>
<kw name="Open Browser" library="SeleniumLibrary">
<arg>browser=chrome</arg>
<arg>options=${options}</arg>
<doc>Opens a new browser instance to the optional ``url``.</doc>
<msg timestamp="20231120 03:31:37.412" level="INFO">Opening browser 'chrome' to base url 'None'.</msg>
<status status="PASS" starttime="20231120 03:31:37.411" endtime="20231120 03:31:38.102"/>
</kw>
<kw name="Set Selenium Speed" library="SeleniumLibrary">
<arg>${DELAY}</arg>
<doc>Sets the delay that is waited after each Selenium command.</doc>
<status status="PASS" starttime="20231120 03:31:38.103" endtime="20231120 03:31:38.103"/>
</kw>
<status status="PASS" starttime="20231120 03:31:37.409" endtime="20231120 03:31:38.103"/>
</kw>
<test id="s1-s3-t1" name="Register With Valid Username And Password" line="9">
<kw name="Create User And Go To Register Page" type="SETUP">
<kw name="Create User" library="AppLibrary">
<arg>kalle</arg>
<arg>kalle123</arg>
<status status="PASS" starttime="20231120 03:31:38.104" endtime="20231120 03:31:38.109"/>
</kw>
<kw name="Go To Register Page" library="resource">
<kw name="Go To" library="SeleniumLibrary">
<arg>${REGISTER_URL}</arg>
<doc>Navigates the current browser window to the provided ``url``.</doc>
<msg timestamp="20231120 03:31:38.109" level="INFO">Opening url 'http://localhost:5001/register'</msg>
<status status="PASS" starttime="20231120 03:31:38.109" endtime="20231120 03:31:38.140"/>
</kw>
<status status="PASS" starttime="20231120 03:31:38.109" endtime="20231120 03:31:38.140"/>
</kw>
<kw name="Register Page Should Be Open" library="resource">
<kw name="Title Should Be" library="SeleniumLibrary">
<arg>Register</arg>
<doc>Verifies that the current page title equals ``title``.</doc>
<msg timestamp="20231120 03:31:38.144" level="INFO">Page title is 'Register'.</msg>
<status status="PASS" starttime="20231120 03:31:38.140" endtime="20231120 03:31:38.144"/>
</kw>
<status status="PASS" starttime="20231120 03:31:38.140" endtime="20231120 03:31:38.144"/>
</kw>
<status status="PASS" starttime="20231120 03:31:38.103" endtime="20231120 03:31:38.144"/>
</kw>
<kw name="Set Username">
<arg>nalle</arg>
<kw name="Input Text" library="SeleniumLibrary">
<arg>username</arg>
<arg>${username}</arg>
<doc>Types the given ``text`` into the text field identified by ``locator``.</doc>
<msg timestamp="20231120 03:31:38.144" level="INFO">Typing text 'nalle' into text field 'username'.</msg>
<status status="PASS" starttime="20231120 03:31:38.144" endtime="20231120 03:31:38.197"/>
</kw>
<status status="PASS" starttime="20231120 03:31:38.144" endtime="20231120 03:31:38.197"/>
</kw>
<kw name="Set Password">
<arg>nalle123</arg>
<arg>nalle123</arg>
<kw name="Input Password" library="SeleniumLibrary">
<arg>password</arg>
<arg>${password}</arg>
<doc>Types the given password into the text field identified by ``locator``.</doc>
<msg timestamp="20231120 03:31:38.198" level="INFO">Typing password into text field 'password'.</msg>
<msg timestamp="20231120 03:31:38.217" level="INFO">Temporally setting log level to: NONE</msg>
<msg timestamp="20231120 03:31:38.237" level="INFO">Log level changed from NONE to INFO.</msg>
<status status="PASS" starttime="20231120 03:31:38.198" endtime="20231120 03:31:38.237"/>
</kw>
<kw name="Input Password" library="SeleniumLibrary">
<arg>password_confirmation</arg>
<arg>${c_password}</arg>
<doc>Types the given password into the text field identified by ``locator``.</doc>
<msg timestamp="20231120 03:31:38.238" level="INFO">Typing password into text field 'password_confirmation'.</msg>
<msg timestamp="20231120 03:31:38.256" level="INFO">Temporally setting log level to: NONE</msg>
<msg timestamp="20231120 03:31:38.274" level="INFO">Log level changed from NONE to INFO.</msg>
<status status="PASS" starttime="20231120 03:31:38.238" endtime="20231120 03:31:38.274"/>
</kw>
<status status="PASS" starttime="20231120 03:31:38.197" endtime="20231120 03:31:38.274"/>
</kw>
<kw name="Submit Credentials">
<kw name="Click Button" library="SeleniumLibrary">
<arg>Register</arg>
<doc>Clicks the button identified by ``locator``.</doc>
<msg timestamp="20231120 03:31:38.275" level="INFO">Clicking button 'Register'.</msg>
<status status="PASS" starttime="20231120 03:31:38.274" endtime="20231120 03:31:38.315"/>
</kw>
<status status="PASS" starttime="20231120 03:31:38.274" endtime="20231120 03:31:38.315"/>
</kw>
<kw name="Register Should Succeed">
<kw name="Welcome Page Should Be Open" library="resource">
<kw name="Title Should Be" library="SeleniumLibrary">
<arg>Welcome to Ohtu Application!</arg>
<doc>Verifies that the current page title equals ``title``.</doc>
<msg timestamp="20231120 03:31:38.317" level="INFO">Page title is 'Welcome to Ohtu Application!'.</msg>
<status status="PASS" starttime="20231120 03:31:38.315" endtime="20231120 03:31:38.317"/>
</kw>
<status status="PASS" starttime="20231120 03:31:38.315" endtime="20231120 03:31:38.318"/>
</kw>
<status status="PASS" starttime="20231120 03:31:38.315" endtime="20231120 03:31:38.318"/>
</kw>
<status status="PASS" starttime="20231120 03:31:38.103" endtime="20231120 03:31:38.318"/>
</test>
<test id="s1-s3-t2" name="Register With Too Short Username And Valid Password" line="15">
<kw name="Create User And Go To Register Page" type="SETUP">
<kw name="Create User" library="AppLibrary">
<arg>kalle</arg>
<arg>kalle123</arg>
<status status="PASS" starttime="20231120 03:31:38.318" endtime="20231120 03:31:38.333"/>
</kw>
<kw name="Go To Register Page" library="resource">
<kw name="Go To" library="SeleniumLibrary">
<arg>${REGISTER_URL}</arg>
<doc>Navigates the current browser window to the provided ``url``.</doc>
<msg timestamp="20231120 03:31:38.334" level="INFO">Opening url 'http://localhost:5001/register'</msg>
<status status="PASS" starttime="20231120 03:31:38.334" endtime="20231120 03:31:38.343"/>
</kw>
<status status="PASS" starttime="20231120 03:31:38.333" endtime="20231120 03:31:38.343"/>
</kw>
<kw name="Register Page Should Be Open" library="resource">
<kw name="Title Should Be" library="SeleniumLibrary">
<arg>Register</arg>
<doc>Verifies that the current page title equals ``title``.</doc>
<msg timestamp="20231120 03:31:38.345" level="INFO">Page title is 'Register'.</msg>
<status status="PASS" starttime="20231120 03:31:38.343" endtime="20231120 03:31:38.345"/>
</kw>
<status status="PASS" starttime="20231120 03:31:38.343" endtime="20231120 03:31:38.345"/>
</kw>
<status status="PASS" starttime="20231120 03:31:38.318" endtime="20231120 03:31:38.345"/>
</kw>
<kw name="Set Username">
<arg>n</arg>
<kw name="Input Text" library="SeleniumLibrary">
<arg>username</arg>
<arg>${username}</arg>
<doc>Types the given ``text`` into the text field identified by ``locator``.</doc>
<msg timestamp="20231120 03:31:38.346" level="INFO">Typing text 'n' into text field 'username'.</msg>
<status status="PASS" starttime="20231120 03:31:38.346" endtime="20231120 03:31:38.380"/>
</kw>
<status status="PASS" starttime="20231120 03:31:38.345" endtime="20231120 03:31:38.380"/>
</kw>
<kw name="Set Password">
<arg>nalle123</arg>
<arg>nalle123</arg>
<kw name="Input Password" library="SeleniumLibrary">
<arg>password</arg>
<arg>${password}</arg>
<doc>Types the given password into the text field identified by ``locator``.</doc>
<msg timestamp="20231120 03:31:38.381" level="INFO">Typing password into text field 'password'.</msg>
<msg timestamp="20231120 03:31:38.397" level="INFO">Temporally setting log level to: NONE</msg>
<msg timestamp="20231120 03:31:38.416" level="INFO">Log level changed from NONE to INFO.</msg>
<status status="PASS" starttime="20231120 03:31:38.381" endtime="20231120 03:31:38.417"/>
</kw>
<kw name="Input Password" library="SeleniumLibrary">
<arg>password_confirmation</arg>
<arg>${c_password}</arg>
<doc>Types the given password into the text field identified by ``locator``.</doc>
<msg timestamp="20231120 03:31:38.417" level="INFO">Typing password into text field 'password_confirmation'.</msg>
<msg timestamp="20231120 03:31:38.432" level="INFO">Temporally setting log level to: NONE</msg>
<msg timestamp="20231120 03:31:38.451" level="INFO">Log level changed from NONE to INFO.</msg>
<status status="PASS" starttime="20231120 03:31:38.417" endtime="20231120 03:31:38.451"/>
</kw>
<status status="PASS" starttime="20231120 03:31:38.381" endtime="20231120 03:31:38.451"/>
</kw>
<kw name="Submit Credentials">
<kw name="Click Button" library="SeleniumLibrary">
<arg>Register</arg>
<doc>Clicks the button identified by ``locator``.</doc>
<msg timestamp="20231120 03:31:38.452" level="INFO">Clicking button 'Register'.</msg>
<status status="PASS" starttime="20231120 03:31:38.451" endtime="20231120 03:31:38.485"/>
</kw>
<status status="PASS" starttime="20231120 03:31:38.451" endtime="20231120 03:31:38.485"/>
</kw>
<kw name="Register Should Fail With Message">
<arg>Username is too short</arg>
<kw name="Register Page Should Be Open" library="resource">
<kw name="Title Should Be" library="SeleniumLibrary">
<arg>Register</arg>
<doc>Verifies that the current page title equals ``title``.</doc>
<msg timestamp="20231120 03:31:38.488" level="INFO">Page title is 'Register'.</msg>
<status status="PASS" starttime="20231120 03:31:38.486" endtime="20231120 03:31:38.488"/>
</kw>
<status status="PASS" starttime="20231120 03:31:38.486" endtime="20231120 03:31:38.488"/>
</kw>
<kw name="Page Should Contain" library="SeleniumLibrary">
<arg>${message}</arg>
<doc>Verifies that current page contains ``text``.</doc>
<msg timestamp="20231120 03:31:38.497" level="INFO">Current page contains text 'Username is too short'.</msg>
<status status="PASS" starttime="20231120 03:31:38.488" endtime="20231120 03:31:38.497"/>
</kw>
<status status="PASS" starttime="20231120 03:31:38.486" endtime="20231120 03:31:38.497"/>
</kw>
<status status="PASS" starttime="20231120 03:31:38.318" endtime="20231120 03:31:38.497"/>
</test>
<test id="s1-s3-t3" name="Register With Valid Username And Invalid Password" line="21">
<kw name="Create User And Go To Register Page" type="SETUP">
<kw name="Create User" library="AppLibrary">
<arg>kalle</arg>
<arg>kalle123</arg>
<status status="PASS" starttime="20231120 03:31:38.498" endtime="20231120 03:31:38.504"/>
</kw>
<kw name="Go To Register Page" library="resource">
<kw name="Go To" library="SeleniumLibrary">
<arg>${REGISTER_URL}</arg>
<doc>Navigates the current browser window to the provided ``url``.</doc>
<msg timestamp="20231120 03:31:38.504" level="INFO">Opening url 'http://localhost:5001/register'</msg>
<status status="PASS" starttime="20231120 03:31:38.504" endtime="20231120 03:31:38.512"/>
</kw>
<status status="PASS" starttime="20231120 03:31:38.504" endtime="20231120 03:31:38.512"/>
</kw>
<kw name="Register Page Should Be Open" library="resource">
<kw name="Title Should Be" library="SeleniumLibrary">
<arg>Register</arg>
<doc>Verifies that the current page title equals ``title``.</doc>
<msg timestamp="20231120 03:31:38.515" level="INFO">Page title is 'Register'.</msg>
<status status="PASS" starttime="20231120 03:31:38.512" endtime="20231120 03:31:38.515"/>
</kw>
<status status="PASS" starttime="20231120 03:31:38.512" endtime="20231120 03:31:38.515"/>
</kw>
<status status="PASS" starttime="20231120 03:31:38.498" endtime="20231120 03:31:38.515"/>
</kw>
<kw name="Set Username">
<arg>nalle</arg>
<kw name="Input Text" library="SeleniumLibrary">
<arg>username</arg>
<arg>${username}</arg>
<doc>Types the given ``text`` into the text field identified by ``locator``.</doc>
<msg timestamp="20231120 03:31:38.516" level="INFO">Typing text 'nalle' into text field 'username'.</msg>
<status status="PASS" starttime="20231120 03:31:38.515" endtime="20231120 03:31:38.551"/>
</kw>
<status status="PASS" starttime="20231120 03:31:38.515" endtime="20231120 03:31:38.551"/>
</kw>
<kw name="Set Password">
<arg>Jaaaaaaaa</arg>
<arg>Jaaaaaaaa</arg>
<kw name="Input Password" library="SeleniumLibrary">
<arg>password</arg>
<arg>${password}</arg>
<doc>Types the given password into the text field identified by ``locator``.</doc>
<msg timestamp="20231120 03:31:38.552" level="INFO">Typing password into text field 'password'.</msg>
<msg timestamp="20231120 03:31:38.568" level="INFO">Temporally setting log level to: NONE</msg>
<msg timestamp="20231120 03:31:38.589" level="INFO">Log level changed from NONE to INFO.</msg>
<status status="PASS" starttime="20231120 03:31:38.551" endtime="20231120 03:31:38.589"/>
</kw>
<kw name="Input Password" library="SeleniumLibrary">
<arg>password_confirmation</arg>
<arg>${c_password}</arg>
<doc>Types the given password into the text field identified by ``locator``.</doc>
<msg timestamp="20231120 03:31:38.589" level="INFO">Typing password into text field 'password_confirmation'.</msg>
<msg timestamp="20231120 03:31:38.604" level="INFO">Temporally setting log level to: NONE</msg>
<msg timestamp="20231120 03:31:38.623" level="INFO">Log level changed from NONE to INFO.</msg>
<status status="PASS" starttime="20231120 03:31:38.589" endtime="20231120 03:31:38.623"/>
</kw>
<status status="PASS" starttime="20231120 03:31:38.551" endtime="20231120 03:31:38.623"/>
</kw>
<kw name="Submit Credentials">
<kw name="Click Button" library="SeleniumLibrary">
<arg>Register</arg>
<doc>Clicks the button identified by ``locator``.</doc>
<msg timestamp="20231120 03:31:38.624" level="INFO">Clicking button 'Register'.</msg>
<status status="PASS" starttime="20231120 03:31:38.624" endtime="20231120 03:31:38.655"/>
</kw>
<status status="PASS" starttime="20231120 03:31:38.623" endtime="20231120 03:31:38.655"/>
</kw>
<kw name="Register Should Fail With Message">
<arg>Invalid password</arg>
<kw name="Register Page Should Be Open" library="resource">
<kw name="Title Should Be" library="SeleniumLibrary">
<arg>Register</arg>
<doc>Verifies that the current page title equals ``title``.</doc>
<msg timestamp="20231120 03:31:38.658" level="INFO">Page title is 'Register'.</msg>
<status status="PASS" starttime="20231120 03:31:38.656" endtime="20231120 03:31:38.658"/>
</kw>
<status status="PASS" starttime="20231120 03:31:38.656" endtime="20231120 03:31:38.658"/>
</kw>
<kw name="Page Should Contain" library="SeleniumLibrary">
<arg>${message}</arg>
<doc>Verifies that current page contains ``text``.</doc>
<msg timestamp="20231120 03:31:38.667" level="INFO">Current page contains text 'Invalid password'.</msg>
<status status="PASS" starttime="20231120 03:31:38.658" endtime="20231120 03:31:38.667"/>
</kw>
<status status="PASS" starttime="20231120 03:31:38.655" endtime="20231120 03:31:38.667"/>
</kw>
<status status="PASS" starttime="20231120 03:31:38.498" endtime="20231120 03:31:38.667"/>
</test>
<test id="s1-s3-t4" name="Register With Nonmatching Password And Password Confirmation" line="27">
<kw name="Create User And Go To Register Page" type="SETUP">
<kw name="Create User" library="AppLibrary">
<arg>kalle</arg>
<arg>kalle123</arg>
<status status="PASS" starttime="20231120 03:31:38.668" endtime="20231120 03:31:38.673"/>
</kw>
<kw name="Go To Register Page" library="resource">
<kw name="Go To" library="SeleniumLibrary">
<arg>${REGISTER_URL}</arg>
<doc>Navigates the current browser window to the provided ``url``.</doc>
<msg timestamp="20231120 03:31:38.674" level="INFO">Opening url 'http://localhost:5001/register'</msg>
<status status="PASS" starttime="20231120 03:31:38.674" endtime="20231120 03:31:38.681"/>
</kw>
<status status="PASS" starttime="20231120 03:31:38.673" endtime="20231120 03:31:38.681"/>
</kw>
<kw name="Register Page Should Be Open" library="resource">
<kw name="Title Should Be" library="SeleniumLibrary">
<arg>Register</arg>
<doc>Verifies that the current page title equals ``title``.</doc>
<msg timestamp="20231120 03:31:38.683" level="INFO">Page title is 'Register'.</msg>
<status status="PASS" starttime="20231120 03:31:38.681" endtime="20231120 03:31:38.683"/>
</kw>
<status status="PASS" starttime="20231120 03:31:38.681" endtime="20231120 03:31:38.684"/>
</kw>
<status status="PASS" starttime="20231120 03:31:38.668" endtime="20231120 03:31:38.684"/>
</kw>
<kw name="Set Username">
<arg>nalle</arg>
<kw name="Input Text" library="SeleniumLibrary">
<arg>username</arg>
<arg>${username}</arg>
<doc>Types the given ``text`` into the text field identified by ``locator``.</doc>
<msg timestamp="20231120 03:31:38.684" level="INFO">Typing text 'nalle' into text field 'username'.</msg>
<status status="PASS" starttime="20231120 03:31:38.684" endtime="20231120 03:31:38.720"/>
</kw>
<status status="PASS" starttime="20231120 03:31:38.684" endtime="20231120 03:31:38.720"/>
</kw>
<kw name="Set Password">
<arg>nalle123</arg>
<arg>nalle1234</arg>
<kw name="Input Password" library="SeleniumLibrary">
<arg>password</arg>
<arg>${password}</arg>
<doc>Types the given password into the text field identified by ``locator``.</doc>
<msg timestamp="20231120 03:31:38.721" level="INFO">Typing password into text field 'password'.</msg>
<msg timestamp="20231120 03:31:38.737" level="INFO">Temporally setting log level to: NONE</msg>
<msg timestamp="20231120 03:31:38.756" level="INFO">Log level changed from NONE to INFO.</msg>
<status status="PASS" starttime="20231120 03:31:38.721" endtime="20231120 03:31:38.756"/>
</kw>
<kw name="Input Password" library="SeleniumLibrary">
<arg>password_confirmation</arg>
<arg>${c_password}</arg>
<doc>Types the given password into the text field identified by ``locator``.</doc>
<msg timestamp="20231120 03:31:38.756" level="INFO">Typing password into text field 'password_confirmation'.</msg>
<msg timestamp="20231120 03:31:38.772" level="INFO">Temporally setting log level to: NONE</msg>
<msg timestamp="20231120 03:31:38.791" level="INFO">Log level changed from NONE to INFO.</msg>
<status status="PASS" starttime="20231120 03:31:38.756" endtime="20231120 03:31:38.791"/>
</kw>
<status status="PASS" starttime="20231120 03:31:38.720" endtime="20231120 03:31:38.791"/>
</kw>
<kw name="Submit Credentials">
<kw name="Click Button" library="SeleniumLibrary">
<arg>Register</arg>
<doc>Clicks the button identified by ``locator``.</doc>
<msg timestamp="20231120 03:31:38.791" level="INFO">Clicking button 'Register'.</msg>
<status status="PASS" starttime="20231120 03:31:38.791" endtime="20231120 03:31:38.822"/>
</kw>
<status status="PASS" starttime="20231120 03:31:38.791" endtime="20231120 03:31:38.822"/>
</kw>
<kw name="Register Should Fail With Message">
<arg>Passwords don't match</arg>
<kw name="Register Page Should Be Open" library="resource">
<kw name="Title Should Be" library="SeleniumLibrary">
<arg>Register</arg>
<doc>Verifies that the current page title equals ``title``.</doc>
<msg timestamp="20231120 03:31:38.824" level="INFO">Page title is 'Register'.</msg>
<status status="PASS" starttime="20231120 03:31:38.822" endtime="20231120 03:31:38.824"/>
</kw>
<status status="PASS" starttime="20231120 03:31:38.822" endtime="20231120 03:31:38.825"/>
</kw>
<kw name="Page Should Contain" library="SeleniumLibrary">
<arg>${message}</arg>
<doc>Verifies that current page contains ``text``.</doc>
<msg timestamp="20231120 03:31:38.833" level="INFO">Current page contains text 'Passwords don't match'.</msg>
<status status="PASS" starttime="20231120 03:31:38.825" endtime="20231120 03:31:38.834"/>
</kw>
<status status="PASS" starttime="20231120 03:31:38.822" endtime="20231120 03:31:38.834"/>
</kw>
<status status="PASS" starttime="20231120 03:31:38.667" endtime="20231120 03:31:38.834"/>
</test>
<test id="s1-s3-t5" name="Login After Successful Registration" line="33">
<kw name="Create User And Go To Register Page" type="SETUP">
<kw name="Create User" library="AppLibrary">
<arg>kalle</arg>
<arg>kalle123</arg>
<status status="PASS" starttime="20231120 03:31:38.834" endtime="20231120 03:31:38.840"/>
</kw>
<kw name="Go To Register Page" library="resource">
<kw name="Go To" library="SeleniumLibrary">
<arg>${REGISTER_URL}</arg>
<doc>Navigates the current browser window to the provided ``url``.</doc>
<msg timestamp="20231120 03:31:38.840" level="INFO">Opening url 'http://localhost:5001/register'</msg>
<status status="PASS" starttime="20231120 03:31:38.840" endtime="20231120 03:31:38.847"/>
</kw>
<status status="PASS" starttime="20231120 03:31:38.840" endtime="20231120 03:31:38.847"/>
</kw>
<kw name="Register Page Should Be Open" library="resource">
<kw name="Title Should Be" library="SeleniumLibrary">
<arg>Register</arg>
<doc>Verifies that the current page title equals ``title``.</doc>
<msg timestamp="20231120 03:31:38.850" level="INFO">Page title is 'Register'.</msg>
<status status="PASS" starttime="20231120 03:31:38.848" endtime="20231120 03:31:38.851"/>
</kw>
<status status="PASS" starttime="20231120 03:31:38.848" endtime="20231120 03:31:38.851"/>
</kw>
<status status="PASS" starttime="20231120 03:31:38.834" endtime="20231120 03:31:38.851"/>
</kw>
<kw name="Set Username">
<arg>nalle</arg>
<kw name="Input Text" library="SeleniumLibrary">
<arg>username</arg>
<arg>${username}</arg>
<doc>Types the given ``text`` into the text field identified by ``locator``.</doc>
<msg timestamp="20231120 03:31:38.852" level="INFO">Typing text 'nalle' into text field 'username'.</msg>
<status status="PASS" starttime="20231120 03:31:38.851" endtime="20231120 03:31:38.887"/>
</kw>
<status status="PASS" starttime="20231120 03:31:38.851" endtime="20231120 03:31:38.887"/>
</kw>
<kw name="Set Password">
<arg>nalle123</arg>
<arg>nalle123</arg>
<kw name="Input Password" library="SeleniumLibrary">
<arg>password</arg>
<arg>${password}</arg>
<doc>Types the given password into the text field identified by ``locator``.</doc>
<msg timestamp="20231120 03:31:38.888" level="INFO">Typing password into text field 'password'.</msg>
<msg timestamp="20231120 03:31:38.903" level="INFO">Temporally setting log level to: NONE</msg>
<msg timestamp="20231120 03:31:38.923" level="INFO">Log level changed from NONE to INFO.</msg>
<status status="PASS" starttime="20231120 03:31:38.888" endtime="20231120 03:31:38.923"/>
</kw>
<kw name="Input Password" library="SeleniumLibrary">
<arg>password_confirmation</arg>
<arg>${c_password}</arg>
<doc>Types the given password into the text field identified by ``locator``.</doc>
<msg timestamp="20231120 03:31:38.923" level="INFO">Typing password into text field 'password_confirmation'.</msg>
<msg timestamp="20231120 03:31:38.940" level="INFO">Temporally setting log level to: NONE</msg>
<msg timestamp="20231120 03:31:38.958" level="INFO">Log level changed from NONE to INFO.</msg>
<status status="PASS" starttime="20231120 03:31:38.923" endtime="20231120 03:31:38.959"/>
</kw>
<status status="PASS" starttime="20231120 03:31:38.887" endtime="20231120 03:31:38.959"/>
</kw>
<kw name="Submit Credentials">
<kw name="Click Button" library="SeleniumLibrary">
<arg>Register</arg>
<doc>Clicks the button identified by ``locator``.</doc>
<msg timestamp="20231120 03:31:38.959" level="INFO">Clicking button 'Register'.</msg>
<status status="PASS" starttime="20231120 03:31:38.959" endtime="20231120 03:31:38.990"/>
</kw>
<status status="PASS" starttime="20231120 03:31:38.959" endtime="20231120 03:31:38.990"/>
</kw>
<kw name="Register Should Succeed">
<kw name="Welcome Page Should Be Open" library="resource">
<kw name="Title Should Be" library="SeleniumLibrary">
<arg>Welcome to Ohtu Application!</arg>
<doc>Verifies that the current page title equals ``title``.</doc>
<msg timestamp="20231120 03:31:38.992" level="INFO">Page title is 'Welcome to Ohtu Application!'.</msg>
<status status="PASS" starttime="20231120 03:31:38.990" endtime="20231120 03:31:38.992"/>
</kw>
<status status="PASS" starttime="20231120 03:31:38.990" endtime="20231120 03:31:38.993"/>
</kw>
<status status="PASS" starttime="20231120 03:31:38.990" endtime="20231120 03:31:38.993"/>
</kw>
<kw name="Click Link" library="SeleniumLibrary">
<arg>Continue to main page</arg>
<doc>Clicks a link identified by ``locator``.</doc>
<msg timestamp="20231120 03:31:38.993" level="INFO">Clicking link 'Continue to main page'.</msg>
<status status="PASS" starttime="20231120 03:31:38.993" endtime="20231120 03:31:39.024"/>
</kw>
<kw name="Login Should Succeed">
<kw name="Main Page Should Be Open" library="resource">
<kw name="Title Should Be" library="SeleniumLibrary">
<arg>Ohtu Application main page</arg>
<doc>Verifies that the current page title equals ``title``.</doc>
<msg timestamp="20231120 03:31:39.027" level="INFO">Page title is 'Ohtu Application main page'.</msg>
<status status="PASS" starttime="20231120 03:31:39.024" endtime="20231120 03:31:39.027"/>
</kw>
<status status="PASS" starttime="20231120 03:31:39.024" endtime="20231120 03:31:39.027"/>
</kw>
<status status="PASS" starttime="20231120 03:31:39.024" endtime="20231120 03:31:39.027"/>
</kw>
<kw name="Make Logout">
<kw name="Click Button" library="SeleniumLibrary">
<arg>Logout</arg>
<doc>Clicks the button identified by ``locator``.</doc>
<msg timestamp="20231120 03:31:39.028" level="INFO">Clicking button 'Logout'.</msg>
<status status="PASS" starttime="20231120 03:31:39.028" endtime="20231120 03:31:39.067"/>
</kw>
<status status="PASS" starttime="20231120 03:31:39.027" endtime="20231120 03:31:39.067"/>
</kw>
<kw name="Logout Should Succeed">
<kw name="Login Page Should Be Open" library="resource">
<kw name="Title Should Be" library="SeleniumLibrary">
<arg>Login</arg>
<doc>Verifies that the current page title equals ``title``.</doc>
<msg timestamp="20231120 03:31:39.070" level="INFO">Page title is 'Login'.</msg>
<status status="PASS" starttime="20231120 03:31:39.068" endtime="20231120 03:31:39.070"/>
</kw>
<status status="PASS" starttime="20231120 03:31:39.068" endtime="20231120 03:31:39.070"/>
</kw>
<status status="PASS" starttime="20231120 03:31:39.067" endtime="20231120 03:31:39.070"/>
</kw>
<kw name="Set Username">
<arg>nalle</arg>
<kw name="Input Text" library="SeleniumLibrary">
<arg>username</arg>
<arg>${username}</arg>
<doc>Types the given ``text`` into the text field identified by ``locator``.</doc>
<msg timestamp="20231120 03:31:39.071" level="INFO">Typing text 'nalle' into text field 'username'.</msg>
<status status="PASS" starttime="20231120 03:31:39.071" endtime="20231120 03:31:39.109"/>
</kw>
<status status="PASS" starttime="20231120 03:31:39.071" endtime="20231120 03:31:39.110"/>
</kw>
<kw name="Set Login Password">
<arg>nalle123</arg>
<kw name="Input Password" library="SeleniumLibrary">
<arg>password</arg>
<arg>${password}</arg>
<doc>Types the given password into the text field identified by ``locator``.</doc>
<msg timestamp="20231120 03:31:39.110" level="INFO">Typing password into text field 'password'.</msg>
<msg timestamp="20231120 03:31:39.127" level="INFO">Temporally setting log level to: NONE</msg>
<msg timestamp="20231120 03:31:39.147" level="INFO">Log level changed from NONE to INFO.</msg>
<status status="PASS" starttime="20231120 03:31:39.110" endtime="20231120 03:31:39.148"/>
</kw>
<status status="PASS" starttime="20231120 03:31:39.110" endtime="20231120 03:31:39.148"/>
</kw>
<kw name="Submit Login Credentials">
<kw name="Click Button" library="SeleniumLibrary">
<arg>Login</arg>
<doc>Clicks the button identified by ``locator``.</doc>
<msg timestamp="20231120 03:31:39.148" level="INFO">Clicking button 'Login'.</msg>
<status status="PASS" starttime="20231120 03:31:39.148" endtime="20231120 03:31:39.186"/>
</kw>
<status status="PASS" starttime="20231120 03:31:39.148" endtime="20231120 03:31:39.186"/>
</kw>
<kw name="Login Should Succeed">
<kw name="Main Page Should Be Open" library="resource">
<kw name="Title Should Be" library="SeleniumLibrary">
<arg>Ohtu Application main page</arg>
<doc>Verifies that the current page title equals ``title``.</doc>
<msg timestamp="20231120 03:31:39.189" level="INFO">Page title is 'Ohtu Application main page'.</msg>
<status status="PASS" starttime="20231120 03:31:39.187" endtime="20231120 03:31:39.189"/>
</kw>
<status status="PASS" starttime="20231120 03:31:39.186" endtime="20231120 03:31:39.189"/>
</kw>
<status status="PASS" starttime="20231120 03:31:39.186" endtime="20231120 03:31:39.189"/>
</kw>
<status status="PASS" starttime="20231120 03:31:38.834" endtime="20231120 03:31:39.189"/>
</test>
<test id="s1-s3-t6" name="Login After Failed Registration" line="48">
<kw name="Create User And Go To Register Page" type="SETUP">
<kw name="Create User" library="AppLibrary">
<arg>kalle</arg>
<arg>kalle123</arg>
<status status="PASS" starttime="20231120 03:31:39.190" endtime="20231120 03:31:39.195"/>
</kw>
<kw name="Go To Register Page" library="resource">
<kw name="Go To" library="SeleniumLibrary">
<arg>${REGISTER_URL}</arg>
<doc>Navigates the current browser window to the provided ``url``.</doc>
<msg timestamp="20231120 03:31:39.195" level="INFO">Opening url 'http://localhost:5001/register'</msg>
<status status="PASS" starttime="20231120 03:31:39.195" endtime="20231120 03:31:39.204"/>
</kw>
<status status="PASS" starttime="20231120 03:31:39.195" endtime="20231120 03:31:39.204"/>
</kw>
<kw name="Register Page Should Be Open" library="resource">
<kw name="Title Should Be" library="SeleniumLibrary">
<arg>Register</arg>
<doc>Verifies that the current page title equals ``title``.</doc>
<msg timestamp="20231120 03:31:39.206" level="INFO">Page title is 'Register'.</msg>
<status status="PASS" starttime="20231120 03:31:39.204" endtime="20231120 03:31:39.206"/>
</kw>
<status status="PASS" starttime="20231120 03:31:39.204" endtime="20231120 03:31:39.207"/>
</kw>
<status status="PASS" starttime="20231120 03:31:39.190" endtime="20231120 03:31:39.207"/>
</kw>
<kw name="Set Username">
<arg>n</arg>
<kw name="Input Text" library="SeleniumLibrary">
<arg>username</arg>
<arg>${username}</arg>
<doc>Types the given ``text`` into the text field identified by ``locator``.</doc>
<msg timestamp="20231120 03:31:39.207" level="INFO">Typing text 'n' into text field 'username'.</msg>
<status status="PASS" starttime="20231120 03:31:39.207" endtime="20231120 03:31:39.243"/>
</kw>
<status status="PASS" starttime="20231120 03:31:39.207" endtime="20231120 03:31:39.243"/>
</kw>
<kw name="Set Password">
<arg>nalle123</arg>
<arg>nalle123</arg>
<kw name="Input Password" library="SeleniumLibrary">
<arg>password</arg>
<arg>${password}</arg>
<doc>Types the given password into the text field identified by ``locator``.</doc>
<msg timestamp="20231120 03:31:39.244" level="INFO">Typing password into text field 'password'.</msg>
<msg timestamp="20231120 03:31:39.259" level="INFO">Temporally setting log level to: NONE</msg>
<msg timestamp="20231120 03:31:39.279" level="INFO">Log level changed from NONE to INFO.</msg>
<status status="PASS" starttime="20231120 03:31:39.243" endtime="20231120 03:31:39.279"/>
</kw>
<kw name="Input Password" library="SeleniumLibrary">
<arg>password_confirmation</arg>
<arg>${c_password}</arg>
<doc>Types the given password into the text field identified by ``locator``.</doc>
<msg timestamp="20231120 03:31:39.280" level="INFO">Typing password into text field 'password_confirmation'.</msg>
<msg timestamp="20231120 03:31:39.296" level="INFO">Temporally setting log level to: NONE</msg>
<msg timestamp="20231120 03:31:39.314" level="INFO">Log level changed from NONE to INFO.</msg>
<status status="PASS" starttime="20231120 03:31:39.280" endtime="20231120 03:31:39.314"/>
</kw>
<status status="PASS" starttime="20231120 03:31:39.243" endtime="20231120 03:31:39.314"/>
</kw>
<kw name="Submit Credentials">
<kw name="Click Button" library="SeleniumLibrary">
<arg>Register</arg>
<doc>Clicks the button identified by ``locator``.</doc>
<msg timestamp="20231120 03:31:39.315" level="INFO">Clicking button 'Register'.</msg>
<status status="PASS" starttime="20231120 03:31:39.315" endtime="20231120 03:31:39.347"/>
</kw>
<status status="PASS" starttime="20231120 03:31:39.314" endtime="20231120 03:31:39.347"/>
</kw>
<kw name="Register Should Fail With Message">
<arg>Username is too short</arg>
<kw name="Register Page Should Be Open" library="resource">
<kw name="Title Should Be" library="SeleniumLibrary">
<arg>Register</arg>
<doc>Verifies that the current page title equals ``title``.</doc>
<msg timestamp="20231120 03:31:39.350" level="INFO">Page title is 'Register'.</msg>
<status status="PASS" starttime="20231120 03:31:39.347" endtime="20231120 03:31:39.350"/>
</kw>
<status status="PASS" starttime="20231120 03:31:39.347" endtime="20231120 03:31:39.350"/>
</kw>
<kw name="Page Should Contain" library="SeleniumLibrary">
<arg>${message}</arg>
<doc>Verifies that current page contains ``text``.</doc>
<msg timestamp="20231120 03:31:39.356" level="INFO">Current page contains text 'Username is too short'.</msg>
<status status="PASS" starttime="20231120 03:31:39.350" endtime="20231120 03:31:39.356"/>
</kw>
<status status="PASS" starttime="20231120 03:31:39.347" endtime="20231120 03:31:39.356"/>
</kw>
<kw name="Click Link" library="SeleniumLibrary">
<arg>Login</arg>
<doc>Clicks a link identified by ``locator``.</doc>
<msg timestamp="20231120 03:31:39.356" level="INFO">Clicking link 'Login'.</msg>
<status status="PASS" starttime="20231120 03:31:39.356" endtime="20231120 03:31:39.389"/>
</kw>
<kw name="Set Username">
<arg>n</arg>
<kw name="Input Text" library="SeleniumLibrary">
<arg>username</arg>
<arg>${username}</arg>
<doc>Types the given ``text`` into the text field identified by ``locator``.</doc>
<msg timestamp="20231120 03:31:39.390" level="INFO">Typing text 'n' into text field 'username'.</msg>
<status status="PASS" starttime="20231120 03:31:39.389" endtime="20231120 03:31:39.425"/>
</kw>
<status status="PASS" starttime="20231120 03:31:39.389" endtime="20231120 03:31:39.425"/>
</kw>
<kw name="Set Login Password">
<arg>nalle123</arg>
<kw name="Input Password" library="SeleniumLibrary">
<arg>password</arg>
<arg>${password}</arg>
<doc>Types the given password into the text field identified by ``locator``.</doc>
<msg timestamp="20231120 03:31:39.426" level="INFO">Typing password into text field 'password'.</msg>
<msg timestamp="20231120 03:31:39.443" level="INFO">Temporally setting log level to: NONE</msg>
<msg timestamp="20231120 03:31:39.463" level="INFO">Log level changed from NONE to INFO.</msg>
<status status="PASS" starttime="20231120 03:31:39.425" endtime="20231120 03:31:39.463"/>
</kw>
<status status="PASS" starttime="20231120 03:31:39.425" endtime="20231120 03:31:39.463"/>
</kw>
<kw name="Submit Login Credentials">
<kw name="Click Button" library="SeleniumLibrary">
<arg>Login</arg>
<doc>Clicks the button identified by ``locator``.</doc>
<msg timestamp="20231120 03:31:39.463" level="INFO">Clicking button 'Login'.</msg>
<status status="PASS" starttime="20231120 03:31:39.463" endtime="20231120 03:31:39.496"/>
</kw>
<status status="PASS" starttime="20231120 03:31:39.463" endtime="20231120 03:31:39.496"/>
</kw>
<kw name="Login Should Fail With Message">
<arg>Invalid username or password</arg>
<kw name="Login Page Should Be Open" library="resource">
<kw name="Title Should Be" library="SeleniumLibrary">
<arg>Login</arg>
<doc>Verifies that the current page title equals ``title``.</doc>
<msg timestamp="20231120 03:31:39.499" level="INFO">Page title is 'Login'.</msg>
<status status="PASS" starttime="20231120 03:31:39.497" endtime="20231120 03:31:39.499"/>
</kw>
<status status="PASS" starttime="20231120 03:31:39.496" endtime="20231120 03:31:39.499"/>
</kw>
<kw name="Page Should Contain" library="SeleniumLibrary">
<arg>${message}</arg>
<doc>Verifies that current page contains ``text``.</doc>
<msg timestamp="20231120 03:31:39.507" level="INFO">Current page contains text 'Invalid username or password'.</msg>
<status status="PASS" starttime="20231120 03:31:39.499" endtime="20231120 03:31:39.507"/>
</kw>
<status status="PASS" starttime="20231120 03:31:39.496" endtime="20231120 03:31:39.507"/>
</kw>
<status status="PASS" starttime="20231120 03:31:39.189" endtime="20231120 03:31:39.508"/>
</test>
<kw name="Close Browser" library="SeleniumLibrary" type="TEARDOWN">
<doc>Closes the current browser.</doc>
<status status="PASS" starttime="20231120 03:31:39.508" endtime="20231120 03:31:39.568"/>
</kw>
<status status="PASS" starttime="20231120 03:31:37.403" endtime="20231120 03:31:39.568"/>
</suite>
<status status="PASS" starttime="20231120 03:31:35.229" endtime="20231120 03:31:39.571"/>
</suite>
<statistics>
<total>
<stat pass="11" fail="0" skip="0">All Tests</stat>
</total>
<tag>
</tag>
<suite>
<stat pass="11" fail="0" skip="0" id="s1" name="Tests">Tests</stat>
<stat pass="2" fail="0" skip="0" id="s1-s1" name="Home">Tests.Home</stat>
<stat pass="3" fail="0" skip="0" id="s1-s2" name="Login">Tests.Login</stat>
<stat pass="6" fail="0" skip="0" id="s1-s3" name="Register">Tests.Register</stat>
</suite>
</statistics>
<errors>
</errors>
</robot>
